[22.060394287] 2017-12-13 21:17:54,201 - INFO - launcher: Starting sanity checks
[22.562026978] 2017-12-13 21:17:54,202 - INFO - launcher: Checking for python 3.5+
[23.063182831] 2017-12-13 21:17:54,202 - INFO - launcher: Checking console encoding
[23.063182831] 2017-12-13 21:17:54,202 - INFO - launcher: Setting console encoding to UTF-8
[23.063182831] 2017-12-13 21:17:54,202 - INFO - launcher: Ensuring we're in the right folder
[23.564577103] 2017-12-13 21:17:54,203 - INFO - launcher: Adding local bins/ folder to path
[24.566888809] 2017-12-13 21:17:54,204 - INFO - launcher: Checks passed.
[24.566888809] 2017-12-13 21:17:54,204 - INFO - launcher: Moving old musicbot log

######################### PRE-RUN SANITY CHECKS PASSED #########################

[1.0097599029541016] 2017-12-13 21:17:55,189 - DEBUG - musicbot.bot | In bot.py::MainThread(15708), line 203 in _setup_logging: Set logging level to INFO
[1.0102610588073730] 2017-12-13 21:17:55,190 - INFO - musicbot.bot | In bot.py::MainThread(15708), line 76 in __init__: Loaded autoplaylist with 2531 entries
[1.011765242] launcher-INFO: Connecting
[3.9468872547149658] 2017-12-13 21:17:58,126 - DEBUG - musicbot.bot | In bot.py::MainThread(15708), line 993 in on_ready: Connection established, ready to go.
[3.9473888874053955] 2017-12-13 21:17:58,127 - DEBUG - musicbot.bot | In bot.py::MainThread(15708), line 314 in _cache_app_info: Caching app info
[4.0821082592010498] 2017-12-13 21:17:58,262 - DEBUG - musicbot.bot | In bot.py::MainThread(15708), line 810 in _scheck_ensure_env: Ensuring data folders exist
[4.0836126804351807] 2017-12-13 21:17:58,263 - DEBUG - musicbot.bot | In bot.py::MainThread(15708), line 826 in _scheck_server_permissions: Checking server permissions
[4.0836126804351807] 2017-12-13 21:17:58,263 - DEBUG - musicbot.bot | In bot.py::MainThread(15708), line 830 in _scheck_autoplaylist: Auditing autoplaylist
[4.0836126804351807] 2017-12-13 21:17:58,263 - DEBUG - musicbot.bot | In bot.py::MainThread(15708), line 834 in _scheck_configs: Validating config
[4.0836126804351807] 2017-12-13 21:17:58,263 - DEBUG - musicbot.config | In config.py::MainThread(15708), line 175 in async_validate: Validating options...
[4.0836126804351807] 2017-12-13 21:17:58,263 - DEBUG - musicbot.bot | In bot.py::MainThread(15708), line 837 in _scheck_configs: Validating permissions config
[4.0836126804351807] 2017-12-13 21:17:58,263 - DEBUG - musicbot.permissions | In permissions.py::MainThread(15708), line 59 in async_validate: Validating permissions...
[4.0841131210327148] 2017-12-13 21:17:58,264 - INFO - musicbot.bot | In bot.py::MainThread(15708), line 1004 in on_ready: Connected!  Musicbot v1.9.6

[4.0846152305603027] 2017-12-13 21:17:58,264 - INFO - musicbot.bot | In bot.py::MainThread(15708), line 1014 in on_ready: Bot:   390581652109393920/Music Bot 3#3484 [BOT]
[4.0846152305603027] 2017-12-13 21:17:58,264 - INFO - musicbot.bot | In bot.py::MainThread(15708), line 1022 in on_ready: Owner: 179581423013986304/Hungarian Dragon#9397

[4.0851163864135742] 2017-12-13 21:17:58,265 - INFO - musicbot.bot | In bot.py::MainThread(15708), line 1025 in on_ready: Server List:
[4.0851163864135742] 2017-12-13 21:17:58,265 - INFO - musicbot.bot | In bot.py::MainThread(15708), line 1026 in <listcomp>:  - SKYNERDS
[4.0851163864135742] 2017-12-13 21:17:58,265 - INFO - musicbot.bot | In bot.py::MainThread(15708), line 1070 in on_ready: Not bound to any text channels
[4.0856180191040039] 2017-12-13 21:17:58,265 - INFO - musicbot.bot | In bot.py::MainThread(15708), line 1096 in on_ready: Not autojoining any voice channels
[4.0856180191040039] 2017-12-13 21:17:58,265 - INFO - musicbot.bot | In bot.py::MainThread(15708), line 1100 in on_ready: Options:
[4.0861194133758545] 2017-12-13 21:17:58,266 - INFO - musicbot.bot | In bot.py::MainThread(15708), line 1102 in on_ready:   Command prefix: !
[4.0861194133758545] 2017-12-13 21:17:58,266 - INFO - musicbot.bot | In bot.py::MainThread(15708), line 1103 in on_ready:   Default volume: 25%
[4.0866205692291260] 2017-12-13 21:17:58,266 - INFO - musicbot.bot | In bot.py::MainThread(15708), line 1105 in on_ready:   Skip threshold: 4 votes or 50%
[4.0866205692291260] 2017-12-13 21:17:58,266 - INFO - musicbot.bot | In bot.py::MainThread(15708), line 1106 in on_ready:   Now Playing @mentions: Disabled
[4.0866205692291260] 2017-12-13 21:17:58,266 - INFO - musicbot.bot | In bot.py::MainThread(15708), line 1107 in on_ready:   Auto-Summon: Enabled
[4.0871217250823975] 2017-12-13 21:17:58,267 - INFO - musicbot.bot | In bot.py::MainThread(15708), line 1108 in on_ready:   Auto-Playlist: Enabled
[4.0871217250823975] 2017-12-13 21:17:58,267 - INFO - musicbot.bot | In bot.py::MainThread(15708), line 1109 in on_ready:   Auto-Pause: Enabled
[4.0876233577728271] 2017-12-13 21:17:58,267 - INFO - musicbot.bot | In bot.py::MainThread(15708), line 1110 in on_ready:   Delete Messages: Enabled
[4.0881249904632568] 2017-12-13 21:17:58,268 - INFO - musicbot.bot | In bot.py::MainThread(15708), line 1112 in on_ready:     Delete Invoking: Disabled
[4.0881249904632568] 2017-12-13 21:17:58,268 - INFO - musicbot.bot | In bot.py::MainThread(15708), line 1113 in on_ready:   Debug Mode: Disabled
[4.0886259078979492] 2017-12-13 21:17:58,268 - INFO - musicbot.bot | In bot.py::MainThread(15708), line 1114 in on_ready:   Downloaded songs will be saved
[4.0891270637512207] 2017-12-13 21:17:58,269 - INFO - musicbot.bot | In bot.py::MainThread(15708), line 242 in _join_startup_channels: Found resumable voice channel SKYNERDS/Robot-Uralom
[4.0896284580230713] 2017-12-13 21:17:58,269 - INFO - musicbot.bot | In bot.py::MainThread(15708), line 248 in _join_startup_channels: Found owner in "Robot-Uralom"
[4.0901300907135010] 2017-12-13 21:17:58,270 - INFO - musicbot.bot | In bot.py::MainThread(15708), line 257 in _join_startup_channels: Attempting to join SKYNERDS/Robot-Uralom
[4.0906314849853516] 2017-12-13 21:17:58,270 - DEBUG - musicbot.bot | In bot.py::MainThread(15708), line 427 in get_voice_client: Connection attempt 1 to Robot-Uralom
[4.0906314849853516] 2017-12-13 21:17:58,270 - VOICEDEBUG - musicbot.bot | In bot.py::MainThread(15708), line 366 in join_voice_channel: (join_voice_channel) creating futures
[4.0906314849853516] 2017-12-13 21:17:58,270 - VOICEDEBUG - musicbot.bot | In bot.py::MainThread(15708), line 372 in join_voice_channel: (join_voice_channel) setting voice state
[4.0911326408386230] 2017-12-13 21:17:58,271 - VOICEDEBUG - musicbot.bot | In bot.py::MainThread(15708), line 375 in join_voice_channel: (join_voice_channel) waiting for session id
[4.2170052528381348] 2017-12-13 21:17:58,396 - DEBUG - musicbot.bot | In bot.py::MainThread(15708), line 2516 in on_voice_state_update: Resumed voice connection to SKYNERDS/Robot-Uralom
[4.2170052528381348] 2017-12-13 21:17:58,396 - VOICEDEBUG - musicbot.bot | In bot.py::MainThread(15708), line 2528 in on_voice_state_update: Voice state update for 390581652109393920/Music Bot 3#3484 on SKYNERDS/Robot-Uralom -> [RESUME, CONNECT]
[4.2175068855285645] 2017-12-13 21:17:58,397 - VOICEDEBUG - musicbot.bot | In bot.py::MainThread(15708), line 379 in join_voice_channel: (join_voice_channel) waiting for voice data
[4.3139650821685791] 2017-12-13 21:17:58,493 - VOICEDEBUG - musicbot.bot | In bot.py::MainThread(15708), line 393 in join_voice_channel: (join_voice_channel) connecting...
[4.6949672698974609] 2017-12-13 21:17:58,874 - VOICEDEBUG - musicbot.bot | In bot.py::MainThread(15708), line 405 in join_voice_channel: (join_voice_channel) connection successful
[4.6954681873321533] 2017-12-13 21:17:58,875 - DEBUG - musicbot.bot | In bot.py::MainThread(15708), line 453 in get_voice_client: Connected in 0.6s
[4.6954681873321533] 2017-12-13 21:17:58,875 - INFO - musicbot.bot | In bot.py::MainThread(15708), line 454 in get_voice_client: Connected to SKYNERDS/Robot-Uralom
[4.6958115100860596] 2017-12-13 21:17:58,875 - DEBUG - musicbot.bot | In bot.py::MainThread(15708), line 787 in deserialize_queue: Deserializing queue for 310687890176999424
[4.7805447578430176] 2017-12-13 21:17:58,960 - DEBUG - musicbot.bot | In bot.py::MainThread(15708), line 545 in get_player: Created player via deserialization for server 310687890176999424 with 1 entries
[4.7810454368591309] 2017-12-13 21:17:58,960 - INFO - musicbot.bot | In bot.py::MainThread(15708), line 273 in _join_startup_channels: Joined SKYNERDS/Robot-Uralom
[4.7815470695495605] 2017-12-13 21:17:58,961 - VOICEDEBUG - musicbot.player | In player.py::MainThread(15708), line 311 in websocket_check: Starting websocket check loop for SKYNERDS
[4.7815470695495605] 2017-12-13 21:17:58,961 - FFMPEG - musicbot.player | In player.py::MainThread(15708), line 268 in _play: Creating player with options: -nostdin -vn audio_cache\youtube-WTXFAZwoCi8-Pendulum_-_9000_Miles_HQ.webm
[4.9846029281616211] 2017-12-13 21:17:59,164 - DEBUG - musicbot.bot | In bot.py::MainThread(15708), line 763 in serialize_queue: Serializing queue for 310687890176999424
[10.1524856090545654] 2017-12-13 21:18:04,332 - INFO - musicbot.bot | In bot.py::MainThread(15708), line 2359 in on_message: 310760967766147073/P3pee#8003: !volume 20
[10.9485757350921631] 2017-12-13 21:18:05,128 - VOICEDEBUG - musicbot.bot | In bot.py::MainThread(15708), line 2528 in on_voice_state_update: Voice state update for 127542890007232512/Sajtosrolo#5641 on SKYNERDS/Robot-Uralom -> [UNMUTE]
[22.4315502643585205] 2017-12-13 21:18:16,611 - INFO - musicbot.bot | In bot.py::MainThread(15708), line 2359 in on_message: 310760967766147073/P3pee#8003: !help
[27.2589704990386963] 2017-12-13 21:18:21,438 - INFO - musicbot.bot | In bot.py::MainThread(15708), line 2359 in on_message: 310760967766147073/P3pee#8003: !pause
[30.2137222290039062] 2017-12-13 21:18:24,393 - INFO - musicbot.bot | In bot.py::MainThread(15708), line 2359 in on_message: 310760967766147073/P3pee#8003: !play
[32.4812448024749756] 2017-12-13 21:18:26,661 - INFO - musicbot.bot | In bot.py::MainThread(15708), line 2359 in on_message: 127542890007232512/Sajtosrolo#5641: !play star wars spoilers
[36.3534080982208252] 2017-12-13 21:18:30,533 - DEBUG - musicbot.bot | In bot.py::MainThread(15708), line 763 in serialize_queue: Serializing queue for 310687890176999424
[36.3579201698303223] 2017-12-13 21:18:30,537 - INFO - musicbot.entry | In entry.py::MainThread(15708), line 219 in _really_download: Download started: https://www.youtube.com/watch?v=iSXI9YtIrHc
[41.0398972034454346] 2017-12-13 21:18:35,219 - INFO - musicbot.entry | In entry.py::MainThread(15708), line 226 in _really_download: Download complete: https://www.youtube.com/watch?v=iSXI9YtIrHc
[45.2767908573150635] 2017-12-13 21:18:39,456 - INFO - musicbot.bot | In bot.py::MainThread(15708), line 2359 in on_message: 127542890007232512/Sajtosrolo#5641: !skip
[45.3194074630737305] 2017-12-13 21:18:39,499 - FFMPEG - musicbot.player | In player.py::MainThread(15708), line 268 in _play: Creating player with options: -nostdin -vn audio_cache\youtube-iSXI9YtIrHc-Star_Wars_-_The_Last_Jedi_Spoilers.webm
[45.5164456367492676] 2017-12-13 21:18:39,696 - DEBUG - musicbot.bot | In bot.py::MainThread(15708), line 763 in serialize_queue: Serializing queue for 310687890176999424
[45.5500380992889404] 2017-12-13 21:18:39,729 - DEBUG - musicbot.bot | In bot.py::MainThread(15708), line 763 in serialize_queue: Serializing queue for 310687890176999424
[46.8294377326965332] 2017-12-13 21:18:41,009 - INFO - musicbot.bot | In bot.py::MainThread(15708), line 2359 in on_message: 179581423013986304/Hungarian Dragon#9397: !clear
[51.6701881885528564] 2017-12-13 21:18:45,850 - VOICEDEBUG - musicbot.bot | In bot.py::MainThread(15708), line 2528 in on_voice_state_update: Voice state update for 390581652109393920/Music Bot 3#3484 on SKYNERDS/AFK -> [JOIN, MOVE, MUTE]
[51.6706893444061279] 2017-12-13 21:18:45,850 - INFO - musicbot.bot | In bot.py::MainThread(15708), line 2539 in on_voice_state_update: 390581652109393920/Music Bot 3#3484 has joined SKYNERDS/AFK
[51.6711909770965576] 2017-12-13 21:18:45,851 - INFO - musicbot.bot | In bot.py::MainThread(15708), line 2554 in on_voice_state_update: Pausing in SKYNERDS/AFK (joining empty channel)
[51.8969824314117432] 2017-12-13 21:18:46,076 - INFO - musicbot.bot | In bot.py::MainThread(15708), line 2359 in on_message: 179581423013986304/Hungarian Dragon#9397: !play hentai
[55.1174919605255127] 2017-12-13 21:18:49,297 - DEBUG - musicbot.bot | In bot.py::MainThread(15708), line 763 in serialize_queue: Serializing queue for 310687890176999424
[55.1215028762817383] 2017-12-13 21:18:49,301 - INFO - musicbot.entry | In entry.py::MainThread(15708), line 219 in _really_download: Download started: https://www.youtube.com/watch?v=IMNVq_T3eiw
[57.7244615554809570] 2017-12-13 21:18:51,904 - INFO - musicbot.entry | In entry.py::MainThread(15708), line 226 in _really_download: Download complete: https://www.youtube.com/watch?v=IMNVq_T3eiw
[58.1379868984222412] 2017-12-13 21:18:52,317 - VOICEDEBUG - musicbot.bot | In bot.py::MainThread(15708), line 2528 in on_voice_state_update: Voice state update for 390581652109393920/Music Bot 3#3484 on SKYNERDS/Filmezek -> [JOIN, MOVE, UNMUTE]
[58.1384880542755127] 2017-12-13 21:18:52,318 - INFO - musicbot.bot | In bot.py::MainThread(15708), line 2539 in on_voice_state_update: 390581652109393920/Music Bot 3#3484 has joined SKYNERDS/Filmezek
[58.1414961814880371] 2017-12-13 21:18:52,321 - VOICEDEBUG - musicbot.bot | In bot.py::MainThread(15708), line 2528 in on_voice_state_update: Voice state update for 390581652109393920/Music Bot 3#3484 on SKYNERDS/Robot-Uralom -> [JOIN, MOVE]
[58.1419975757598877] 2017-12-13 21:18:52,321 - INFO - musicbot.bot | In bot.py::MainThread(15708), line 2539 in on_voice_state_update: 390581652109393920/Music Bot 3#3484 has joined SKYNERDS/Robot-Uralom
[69.3425664901733398] 2017-12-13 21:19:03,522 - INFO - musicbot.bot | In bot.py::MainThread(15708), line 2359 in on_message: 179581423013986304/Hungarian Dragon#9397: !skip
[69.3848352432250977] 2017-12-13 21:19:03,564 - FFMPEG - musicbot.player | In player.py::MainThread(15708), line 268 in _play: Creating player with options: -nostdin -vn audio_cache\youtube-IMNVq_T3eiw-The_Hentai_Sexy_Big_Tits_+18.webm
[69.5578081607818604] 2017-12-13 21:19:03,737 - DEBUG - musicbot.bot | In bot.py::MainThread(15708), line 763 in serialize_queue: Serializing queue for 310687890176999424
[69.5623204708099365] 2017-12-13 21:19:03,742 - DEBUG - musicbot.bot | In bot.py::MainThread(15708), line 763 in serialize_queue: Serializing queue for 310687890176999424
[78.3638112545013428] 2017-12-13 21:19:12,543 - INFO - musicbot.bot | In bot.py::MainThread(15708), line 2359 in on_message: 127542890007232512/Sajtosrolo#5641: !volume 100
[101.3412950038909912] 2017-12-13 21:19:35,521 - INFO - musicbot.bot | In bot.py::MainThread(15708), line 2359 in on_message: 179581423013986304/Hungarian Dragon#9397: !play Teal'c viccet mesél
[104.8625264167785645] 2017-12-13 21:19:39,042 - DEBUG - musicbot.bot | In bot.py::MainThread(15708), line 763 in serialize_queue: Serializing queue for 310687890176999424
[104.8670394420623779] 2017-12-13 21:19:39,046 - INFO - musicbot.entry | In entry.py::MainThread(15708), line 219 in _really_download: Download started: https://www.youtube.com/watch?v=tnw37aJPDiU
[107.1543169021606445] 2017-12-13 21:19:41,334 - INFO - musicbot.entry | In entry.py::MainThread(15708), line 226 in _really_download: Download complete: https://www.youtube.com/watch?v=tnw37aJPDiU
[110.1834518909454346] 2017-12-13 21:19:44,363 - INFO - musicbot.bot | In bot.py::MainThread(15708), line 2359 in on_message: 127542890007232512/Sajtosrolo#5641: !volume 20
[113.6220710277557373] 2017-12-13 21:19:47,801 - INFO - musicbot.bot | In bot.py::MainThread(15708), line 2359 in on_message: 179581423013986304/Hungarian Dragon#9397: !skip
[113.6386177539825439] 2017-12-13 21:19:47,818 - FFMPEG - musicbot.player | In player.py::MainThread(15708), line 268 in _play: Creating player with options: -nostdin -vn audio_cache\youtube-tnw37aJPDiU-Stargate_-_Teal_c_viccet_mesel_-.m4a
[113.8166053295135498] 2017-12-13 21:19:47,996 - DEBUG - musicbot.bot | In bot.py::MainThread(15708), line 763 in serialize_queue: Serializing queue for 310687890176999424
[113.8211166858673096] 2017-12-13 21:19:48,001 - DEBUG - musicbot.bot | In bot.py::MainThread(15708), line 763 in serialize_queue: Serializing queue for 310687890176999424
[117.4097964763641357] 2017-12-13 21:19:51,589 - INFO - musicbot.bot | In bot.py::MainThread(15708), line 2359 in on_message: 179581423013986304/Hungarian Dragon#9397: !volume 100
[118.4679653644561768] 2017-12-13 21:19:52,647 - INFO - musicbot.bot | In bot.py::MainThread(15708), line 2359 in on_message: 127542890007232512/Sajtosrolo#5641: !play nani remix
[121.9620153903961182] 2017-12-13 21:19:56,141 - DEBUG - musicbot.bot | In bot.py::MainThread(15708), line 763 in serialize_queue: Serializing queue for 310687890176999424
[121.9660253524780273] 2017-12-13 21:19:56,145 - INFO - musicbot.entry | In entry.py::MainThread(15708), line 219 in _really_download: Download started: https://www.youtube.com/watch?v=C1yFvcB9Y1o
[123.4818596839904785] 2017-12-13 21:19:57,661 - INFO - musicbot.entry | In entry.py::MainThread(15708), line 226 in _really_download: Download complete: https://www.youtube.com/watch?v=C1yFvcB9Y1o
[173.8379850387573242] 2017-12-13 21:20:48,017 - FFMPEG - musicbot.player | In player.py::MainThread(15708), line 268 in _play: Creating player with options: -nostdin -vn audio_cache\youtube-C1yFvcB9Y1o-Omae_Wa_Mou_Shinderiru_-_NANI_Remix.webm
[174.0706214904785156] 2017-12-13 21:20:48,250 - DEBUG - musicbot.bot | In bot.py::MainThread(15708), line 763 in serialize_queue: Serializing queue for 310687890176999424
[174.0756349563598633] 2017-12-13 21:20:48,255 - DEBUG - musicbot.bot | In bot.py::MainThread(15708), line 763 in serialize_queue: Serializing queue for 310687890176999424
[180.4329781532287598] 2017-12-13 21:20:54,612 - INFO - musicbot.bot | In bot.py::MainThread(15708), line 2359 in on_message: 179581423013986304/Hungarian Dragon#9397: !volume 50
[182.4432196617126465] 2017-12-13 21:20:56,623 - INFO - musicbot.bot | In bot.py::MainThread(15708), line 2359 in on_message: 127542890007232512/Sajtosrolo#5641: !volume 20
[223.6620926856994629] 2017-12-13 21:21:37,842 - INFO - musicbot.entry | In entry.py::MainThread(15708), line 219 in _really_download: Download started: https://youtube.com/watch?v=rLwZ0QnwUBg
[226.6134886741638184] 2017-12-13 21:21:40,793 - INFO - musicbot.entry | In entry.py::MainThread(15708), line 226 in _really_download: Download complete: https://youtube.com/watch?v=rLwZ0QnwUBg
[226.6154935359954834] 2017-12-13 21:21:40,795 - FFMPEG - musicbot.player | In player.py::MainThread(15708), line 268 in _play: Creating player with options: -nostdin -vn audio_cache\youtube-rLwZ0QnwUBg-THELONIOUS_MONK_In_Walked_Bud.webm
[226.8185489177703857] 2017-12-13 21:21:40,998 - DEBUG - musicbot.bot | In bot.py::MainThread(15708), line 763 in serialize_queue: Serializing queue for 310687890176999424
[242.0728812217712402] 2017-12-13 21:21:56,252 - INFO - musicbot.bot | In bot.py::MainThread(15708), line 2359 in on_message: 127542890007232512/Sajtosrolo#5641: !play gilette dr disrespect
[245.8304588794708252] 2017-12-13 21:22:00,010 - DEBUG - musicbot.bot | In bot.py::MainThread(15708), line 763 in serialize_queue: Serializing queue for 310687890176999424
[245.8344700336456299] 2017-12-13 21:22:00,014 - INFO - musicbot.entry | In entry.py::MainThread(15708), line 219 in _really_download: Download started: https://www.youtube.com/watch?v=9fWxCIi5PIw
[247.0923256874084473] 2017-12-13 21:22:01,272 - INFO - musicbot.entry | In entry.py::MainThread(15708), line 226 in _really_download: Download complete: https://www.youtube.com/watch?v=9fWxCIi5PIw
[253.5298299789428711] 2017-12-13 21:22:07,709 - INFO - musicbot.bot | In bot.py::MainThread(15708), line 2359 in on_message: 127542890007232512/Sajtosrolo#5641: !skip
[253.5395162105560303] 2017-12-13 21:22:07,719 - FFMPEG - musicbot.player | In player.py::MainThread(15708), line 268 in _play: Creating player with options: -nostdin -vn audio_cache\youtube-9fWxCIi5PIw-Dr.Disrespect_-_Gillette_The_Best_A_Man_Can_Get_By_199X_LINK_IN_DESC.webm
[253.7255249023437500] 2017-12-13 21:22:07,905 - DEBUG - musicbot.bot | In bot.py::MainThread(15708), line 763 in serialize_queue: Serializing queue for 310687890176999424
[253.7300369739532471] 2017-12-13 21:22:07,909 - DEBUG - musicbot.bot | In bot.py::MainThread(15708), line 763 in serialize_queue: Serializing queue for 310687890176999424
[335.1218166351318359] 2017-12-13 21:23:29,301 - INFO - musicbot.bot | In bot.py::MainThread(15708), line 2359 in on_message: 127542890007232512/Sajtosrolo#5641: !play why the fuck you
[338.5736289024353027] 2017-12-13 21:23:32,753 - DEBUG - musicbot.bot | In bot.py::MainThread(15708), line 763 in serialize_queue: Serializing queue for 310687890176999424
[338.5781412124633789] 2017-12-13 21:23:32,758 - INFO - musicbot.entry | In entry.py::MainThread(15708), line 219 in _really_download: Download started: https://www.youtube.com/watch?v=qlOTNtUvhe8
[340.1218645572662354] 2017-12-13 21:23:34,301 - INFO - musicbot.entry | In entry.py::MainThread(15708), line 226 in _really_download: Download complete: https://www.youtube.com/watch?v=qlOTNtUvhe8
[373.7284722328186035] 2017-12-13 21:24:07,908 - INFO - musicbot.bot | In bot.py::MainThread(15708), line 2359 in on_message: 127542890007232512/Sajtosrolo#5641: !play beautiful japaniese song
[373.8462936878204346] 2017-12-13 21:24:08,026 - FFMPEG - musicbot.player | In player.py::MainThread(15708), line 268 in _play: Creating player with options: -nostdin -vn audio_cache\youtube-qlOTNtUvhe8-Why_the_fuck_you_lying_official_full_video.webm
[374.0578725337982178] 2017-12-13 21:24:08,237 - DEBUG - musicbot.bot | In bot.py::MainThread(15708), line 763 in serialize_queue: Serializing queue for 310687890176999424
[374.0623841285705566] 2017-12-13 21:24:08,242 - DEBUG - musicbot.bot | In bot.py::MainThread(15708), line 763 in serialize_queue: Serializing queue for 310687890176999424
[378.2781131267547607] 2017-12-13 21:24:12,458 - DEBUG - musicbot.bot | In bot.py::MainThread(15708), line 763 in serialize_queue: Serializing queue for 310687890176999424
[378.2821242809295654] 2017-12-13 21:24:12,462 - INFO - musicbot.entry | In entry.py::MainThread(15708), line 219 in _really_download: Download started: https://www.youtube.com/watch?v=Esyn5f_dwEA
[394.7536339759826660] 2017-12-13 21:24:28,933 - INFO - musicbot.entry | In entry.py::MainThread(15708), line 226 in _really_download: Download complete: https://www.youtube.com/watch?v=Esyn5f_dwEA
[402.1337008476257324] 2017-12-13 21:24:36,313 - INFO - musicbot.bot | In bot.py::MainThread(15708), line 2359 in on_message: 127542890007232512/Sajtosrolo#5641: !play beautiful japanese song
[404.3437032699584961] 2017-12-13 21:24:38,523 - INFO - musicbot.bot | In bot.py::MainThread(15708), line 2359 in on_message: 310760967766147073/P3pee#8003: !play across the stars
[405.9872367382049561] 2017-12-13 21:24:40,167 - DEBUG - musicbot.bot | In bot.py::MainThread(15708), line 763 in serialize_queue: Serializing queue for 310687890176999424
[407.4923477172851562] 2017-12-13 21:24:41,672 - DEBUG - musicbot.bot | In bot.py::MainThread(15708), line 763 in serialize_queue: Serializing queue for 310687890176999424
[428.9430491924285889] 2017-12-13 21:25:03,122 - INFO - musicbot.bot | In bot.py::MainThread(15708), line 2359 in on_message: 179581423013986304/Hungarian Dragon#9397: !help
[439.1724014282226562] 2017-12-13 21:25:13,352 - INFO - musicbot.bot | In bot.py::MainThread(15708), line 2359 in on_message: 179581423013986304/Hungarian Dragon#9397: !clear help
[449.9829115867614746] 2017-12-13 21:25:24,162 - INFO - musicbot.bot | In bot.py::MainThread(15708), line 2359 in on_message: 179581423013986304/Hungarian Dragon#9397: !play across the stars
[453.0467379093170166] 2017-12-13 21:25:27,226 - DEBUG - musicbot.bot | In bot.py::MainThread(15708), line 763 in serialize_queue: Serializing queue for 310687890176999424
[453.0507488250732422] 2017-12-13 21:25:27,230 - INFO - musicbot.entry | In entry.py::MainThread(15708), line 219 in _really_download: Download started: https://www.youtube.com/watch?v=9nk_WHHTQtY
[455.2486817836761475] 2017-12-13 21:25:29,428 - INFO - musicbot.entry | In entry.py::MainThread(15708), line 226 in _really_download: Download complete: https://www.youtube.com/watch?v=9nk_WHHTQtY
[458.3796784877777100] 2017-12-13 21:25:32,559 - VOICEDEBUG - musicbot.bot | In bot.py::MainThread(15708), line 2528 in on_voice_state_update: Voice state update for 341644514307604482/KssDavid#8718 on SKYNERDS/Robot-Uralom -> [LEAVE, DISCONNECT]
[458.3796784877777100] 2017-12-13 21:25:32,559 - INFO - musicbot.bot | In bot.py::MainThread(15708), line 2539 in on_voice_state_update: 341644514307604482/KssDavid#8718 has left SKYNERDS/Robot-Uralom
[506.0978112220764160] 2017-12-13 21:26:20,277 - INFO - musicbot.bot | In bot.py::MainThread(15708), line 2359 in on_message: 310760967766147073/P3pee#8003: !clear
[509.5482399463653564] 2017-12-13 21:26:23,728 - INFO - musicbot.bot | In bot.py::MainThread(15708), line 2359 in on_message: 310760967766147073/P3pee#8003: !pause
[514.5325088500976562] 2017-12-13 21:26:28,712 - INFO - musicbot.bot | In bot.py::MainThread(15708), line 2359 in on_message: 310760967766147073/P3pee#8003: !play across the stars
[517.8881521224975586] 2017-12-13 21:26:32,068 - DEBUG - musicbot.bot | In bot.py::MainThread(15708), line 763 in serialize_queue: Serializing queue for 310687890176999424
[517.8926651477813721] 2017-12-13 21:26:32,072 - INFO - musicbot.entry | In entry.py::MainThread(15708), line 195 in _download: Download cached: https://www.youtube.com/watch?v=9nk_WHHTQtY
[524.4482185840606689] 2017-12-13 21:26:38,628 - INFO - musicbot.bot | In bot.py::MainThread(15708), line 2359 in on_message: 127542890007232512/Sajtosrolo#5641: !play fela kuti - gentleman
[526.4429457187652588] 2017-12-13 21:26:40,622 - INFO - musicbot.bot | In bot.py::MainThread(15708), line 2359 in on_message: 179581423013986304/Hungarian Dragon#9397: !skip
[526.4843587875366211] 2017-12-13 21:26:40,664 - FFMPEG - musicbot.player | In player.py::MainThread(15708), line 268 in _play: Creating player with options: -nostdin -vn audio_cache\youtube-9nk_WHHTQtY-Across_the_Stars_-_Love_Theme.webm
[526.7295322418212891] 2017-12-13 21:26:40,909 - DEBUG - musicbot.bot | In bot.py::MainThread(15708), line 763 in serialize_queue: Serializing queue for 310687890176999424
[526.7335431575775146] 2017-12-13 21:26:40,913 - DEBUG - musicbot.bot | In bot.py::MainThread(15708), line 763 in serialize_queue: Serializing queue for 310687890176999424
[527.4917986392974854] 2017-12-13 21:26:41,671 - DEBUG - musicbot.bot | In bot.py::MainThread(15708), line 763 in serialize_queue: Serializing queue for 310687890176999424
[527.4963107109069824] 2017-12-13 21:26:41,676 - INFO - musicbot.entry | In entry.py::MainThread(15708), line 219 in _really_download: Download started: https://www.youtube.com/watch?v=snIV_-IECsM
[531.6985838413238525] 2017-12-13 21:26:45,878 - INFO - musicbot.entry | In entry.py::MainThread(15708), line 226 in _really_download: Download complete: https://www.youtube.com/watch?v=snIV_-IECsM
[586.8509562015533447] 2017-12-13 21:27:41,030 - INFO - musicbot.bot | In bot.py::MainThread(15708), line 2359 in on_message: 127542890007232512/Sajtosrolo#5641: !volume 60
[716.5494914054870605] 2017-12-13 21:29:50,729 - INFO - musicbot.bot | In bot.py::MainThread(15708), line 2359 in on_message: 127542890007232512/Sajtosrolo#5641: !play Hungarian Dragon Live Stream - Golf it!
[719.8229804039001465] 2017-12-13 21:29:54,002 - DEBUG - musicbot.bot | In bot.py::MainThread(15708), line 763 in serialize_queue: Serializing queue for 310687890176999424
[739.5444693565368652] 2017-12-13 21:30:13,724 - INFO - musicbot.bot | In bot.py::MainThread(15708), line 2359 in on_message: 127542890007232512/Sajtosrolo#5641: !play potc up is down
[742.7945513725280762] 2017-12-13 21:30:16,974 - DEBUG - musicbot.bot | In bot.py::MainThread(15708), line 763 in serialize_queue: Serializing queue for 310687890176999424
[825.6628744602203369] 2017-12-13 21:31:39,842 - VOICEDEBUG - musicbot.bot | In bot.py::MainThread(15708), line 2528 in on_voice_state_update: Voice state update for 310760967766147073/P3pee#8003 on SKYNERDS/Robot-Uralom -> [MUTE]
[860.2310259342193604] 2017-12-13 21:32:14,410 - FFMPEG - musicbot.player | In player.py::MainThread(15708), line 268 in _play: Creating player with options: -nostdin -vn audio_cache\youtube-snIV_-IECsM-Fela_Kuti_-_Gentleman.webm
[860.4621570110321045] 2017-12-13 21:32:14,642 - DEBUG - musicbot.bot | In bot.py::MainThread(15708), line 763 in serialize_queue: Serializing queue for 310687890176999424
[860.4666695594787598] 2017-12-13 21:32:14,646 - INFO - musicbot.entry | In entry.py::MainThread(15708), line 219 in _really_download: Download started: https://www.youtube.com/watch?v=HsYEnJ7aQEA
[860.4691765308380127] 2017-12-13 21:32:14,649 - DEBUG - musicbot.bot | In bot.py::MainThread(15708), line 763 in serialize_queue: Serializing queue for 310687890176999424
[885.1260724067687988] 2017-12-13 21:32:39,305 - INFO - musicbot.entry | In entry.py::MainThread(15708), line 226 in _really_download: Download complete: https://www.youtube.com/watch?v=HsYEnJ7aQEA
[919.0717992782592773] 2017-12-13 21:33:13,251 - VOICEDEBUG - musicbot.bot | In bot.py::MainThread(15708), line 2528 in on_voice_state_update: Voice state update for 310760967766147073/P3pee#8003 on SKYNERDS/Robot-Uralom -> [UNMUTE]
[931.5346202850341797] 2017-12-13 21:33:25,714 - INFO - musicbot.bot | In bot.py::MainThread(15708), line 2359 in on_message: 127542890007232512/Sajtosrolo#5641: !skip
[931.5441467761993408] 2017-12-13 21:33:25,724 - FFMPEG - musicbot.player | In player.py::MainThread(15708), line 268 in _play: Creating player with options: -nostdin -vn audio_cache\youtube-HsYEnJ7aQEA-Hungarian_Dragon_Live_Stream_-_Golf_it.webm
[931.7998452186584473] 2017-12-13 21:33:25,979 - DEBUG - musicbot.bot | In bot.py::MainThread(15708), line 763 in serialize_queue: Serializing queue for 310687890176999424
[931.8058621883392334] 2017-12-13 21:33:25,985 - INFO - musicbot.entry | In entry.py::MainThread(15708), line 219 in _really_download: Download started: https://www.youtube.com/watch?v=dv6pJ2D_Sek
[931.8073661327362061] 2017-12-13 21:33:25,987 - DEBUG - musicbot.bot | In bot.py::MainThread(15708), line 763 in serialize_queue: Serializing queue for 310687890176999424
[932.9452908039093018] 2017-12-13 21:33:27,125 - INFO - musicbot.entry | In entry.py::MainThread(15708), line 226 in _really_download: Download complete: https://www.youtube.com/watch?v=dv6pJ2D_Sek
[943.9964911937713623] 2017-12-13 21:33:38,176 - INFO - musicbot.bot | In bot.py::MainThread(15708), line 2359 in on_message: 179581423013986304/Hungarian Dragon#9397: !help
[958.4313249588012695] 2017-12-13 21:33:52,611 - INFO - musicbot.bot | In bot.py::MainThread(15708), line 2359 in on_message: 179581423013986304/Hungarian Dragon#9397: !np
[962.8710021972656250] 2017-12-13 21:33:57,050 - INFO - musicbot.bot | In bot.py::MainThread(15708), line 2359 in on_message: 310760967766147073/P3pee#8003: !np
[974.4198737144470215] 2017-12-13 21:34:08,599 - INFO - musicbot.bot | In bot.py::MainThread(15708), line 2359 in on_message: 127542890007232512/Sajtosrolo#5641: !skip
[974.4213778972625732] 2017-12-13 21:34:08,601 - FFMPEG - musicbot.player | In player.py::MainThread(15708), line 268 in _play: Creating player with options: -nostdin -vn audio_cache\youtube-dv6pJ2D_Sek-Pirates_of_the_Caribbean_3_-_Soundtrack_05_-_Up_Is_Down.webm
[974.5983614921569824] 2017-12-13 21:34:08,778 - DEBUG - musicbot.bot | In bot.py::MainThread(15708), line 763 in serialize_queue: Serializing queue for 310687890176999424
[974.6043779850006104] 2017-12-13 21:34:08,784 - DEBUG - musicbot.bot | In bot.py::MainThread(15708), line 763 in serialize_queue: Serializing queue for 310687890176999424
[986.1160676479339600] 2017-12-13 21:34:20,295 - INFO - musicbot.bot | In bot.py::MainThread(15708), line 2359 in on_message: 127542890007232512/Sajtosrolo#5641: !volume 100
[999.1034982204437256] 2017-12-13 21:34:33,283 - INFO - musicbot.bot | In bot.py::MainThread(15708), line 2359 in on_message: 179581423013986304/Hungarian Dragon#9397: !np
[1070.5294592380523682] 2017-12-13 21:35:44,709 - INFO - musicbot.bot | In bot.py::MainThread(15708), line 2359 in on_message: 127542890007232512/Sajtosrolo#5641: !play Unbreakable Machine-Doll Ending full [Lyrics]
[1073.9729833602905273] 2017-12-13 21:35:48,152 - DEBUG - musicbot.bot | In bot.py::MainThread(15708), line 763 in serialize_queue: Serializing queue for 310687890176999424
[1073.9774961471557617] 2017-12-13 21:35:48,157 - INFO - musicbot.entry | In entry.py::MainThread(15708), line 219 in _really_download: Download started: https://www.youtube.com/watch?v=x7Nvgfa9hIM
[1075.3009171485900879] 2017-12-13 21:35:49,480 - INFO - musicbot.entry | In entry.py::MainThread(15708), line 226 in _really_download: Download complete: https://www.youtube.com/watch?v=x7Nvgfa9hIM
[1083.3950176239013672] 2017-12-13 21:35:57,574 - INFO - musicbot.bot | In bot.py::MainThread(15708), line 2359 in on_message: 127542890007232512/Sajtosrolo#5641: !help
[1089.3008780479431152] 2017-12-13 21:36:03,480 - INFO - musicbot.bot | In bot.py::MainThread(15708), line 2359 in on_message: 127542890007232512/Sajtosrolo#5641: !queue
[1122.4621114730834961] 2017-12-13 21:36:36,642 - INFO - musicbot.bot | In bot.py::MainThread(15708), line 2359 in on_message: 127542890007232512/Sajtosrolo#5641: !play 🇭🇺 Orbán Viktor 🇭🇺 Évértékelő REMIX
[1126.0819983482360840] 2017-12-13 21:36:40,261 - DEBUG - musicbot.bot | In bot.py::MainThread(15708), line 763 in serialize_queue: Serializing queue for 310687890176999424
[1136.7797808647155762] 2017-12-13 21:36:50,959 - FFMPEG - musicbot.player | In player.py::MainThread(15708), line 268 in _play: Creating player with options: -nostdin -vn audio_cache\youtube-x7Nvgfa9hIM-Unbreakable_Machine-Doll_Ending_full_Lyrics.webm
[1137.0134174823760986] 2017-12-13 21:36:51,193 - DEBUG - musicbot.bot | In bot.py::MainThread(15708), line 763 in serialize_queue: Serializing queue for 310687890176999424
[1137.0179302692413330] 2017-12-13 21:36:51,197 - INFO - musicbot.entry | In entry.py::MainThread(15708), line 219 in _really_download: Download started: https://www.youtube.com/watch?v=SKEeOb5Gteg
[1137.0199351310729980] 2017-12-13 21:36:51,199 - DEBUG - musicbot.bot | In bot.py::MainThread(15708), line 763 in serialize_queue: Serializing queue for 310687890176999424
[1138.5613765716552734] 2017-12-13 21:36:52,741 - INFO - musicbot.entry | In entry.py::MainThread(15708), line 226 in _really_download: Download complete: https://www.youtube.com/watch?v=SKEeOb5Gteg
[1148.1789338588714600] 2017-12-13 21:37:02,358 - INFO - musicbot.bot | In bot.py::MainThread(15708), line 2359 in on_message: 310760967766147073/P3pee#8003: !skip
[1148.1943240165710449] 2017-12-13 21:37:02,374 - FFMPEG - musicbot.player | In player.py::MainThread(15708), line 268 in _play: Creating player with options: -nostdin -vn audio_cache\youtube-SKEeOb5Gteg-Orban_-_Evertekelo_remix_Feat._Gyurcsany.webm
[1148.3838419914245605] 2017-12-13 21:37:02,563 - DEBUG - musicbot.bot | In bot.py::MainThread(15708), line 763 in serialize_queue: Serializing queue for 310687890176999424
[1148.3883538246154785] 2017-12-13 21:37:02,568 - DEBUG - musicbot.bot | In bot.py::MainThread(15708), line 763 in serialize_queue: Serializing queue for 310687890176999424
[1159.5402722358703613] 2017-12-13 21:37:13,720 - INFO - musicbot.bot | In bot.py::MainThread(15708), line 2359 in on_message: 127542890007232512/Sajtosrolo#5641: !play Orbán Viktor Évértékelő REMIX
[1163.2394864559173584] 2017-12-13 21:37:17,419 - DEBUG - musicbot.bot | In bot.py::MainThread(15708), line 763 in serialize_queue: Serializing queue for 310687890176999424
[1163.2434971332550049] 2017-12-13 21:37:17,423 - INFO - musicbot.entry | In entry.py::MainThread(15708), line 195 in _download: Download cached: https://www.youtube.com/watch?v=SKEeOb5Gteg
[1177.8443844318389893] 2017-12-13 21:37:32,024 - INFO - musicbot.bot | In bot.py::MainThread(15708), line 2359 in on_message: 127542890007232512/Sajtosrolo#5641: !play https://www.youtube.com/watch?v=BXtHHOdFfDI&list=LL39nDMcbr-20UQKl_ImUC2g&index=156
[1179.0253827571868896] 2017-12-13 21:37:33,205 - DEBUG - musicbot.bot | In bot.py::MainThread(15708), line 763 in serialize_queue: Serializing queue for 310687890176999424
[1183.0909717082977295] 2017-12-13 21:37:37,270 - INFO - musicbot.bot | In bot.py::MainThread(15708), line 2359 in on_message: 127542890007232512/Sajtosrolo#5641: !skip
[1183.1044797897338867] 2017-12-13 21:37:37,284 - FFMPEG - musicbot.player | In player.py::MainThread(15708), line 268 in _play: Creating player with options: -nostdin -vn audio_cache\youtube-SKEeOb5Gteg-Orban_-_Evertekelo_remix_Feat._Gyurcsany.webm
[1183.3200681209564209] 2017-12-13 21:37:37,499 - DEBUG - musicbot.bot | In bot.py::MainThread(15708), line 763 in serialize_queue: Serializing queue for 310687890176999424
[1183.3240797519683838] 2017-12-13 21:37:37,504 - INFO - musicbot.entry | In entry.py::MainThread(15708), line 219 in _really_download: Download started: https://www.youtube.com/watch?v=BXtHHOdFfDI&list=LL39nDMcbr-20UQKl_ImUC2g&index=156
[1183.3250818252563477] 2017-12-13 21:37:37,505 - DEBUG - musicbot.bot | In bot.py::MainThread(15708), line 763 in serialize_queue: Serializing queue for 310687890176999424
[1184.6113450527191162] 2017-12-13 21:37:38,791 - INFO - musicbot.entry | In entry.py::MainThread(15708), line 226 in _really_download: Download complete: https://www.youtube.com/watch?v=BXtHHOdFfDI&list=LL39nDMcbr-20UQKl_ImUC2g&index=156
[1187.3733930587768555] 2017-12-13 21:37:41,553 - INFO - musicbot.bot | In bot.py::MainThread(15708), line 2359 in on_message: 127542890007232512/Sajtosrolo#5641: !skip
[1187.3809142112731934] 2017-12-13 21:37:41,560 - FFMPEG - musicbot.player | In player.py::MainThread(15708), line 268 in _play: Creating player with options: -nostdin -vn audio_cache\youtube-BXtHHOdFfDI-Orban_Viktor_Evertekelo_REMIX.webm
[1187.5664203166961670] 2017-12-13 21:37:41,746 - DEBUG - musicbot.bot | In bot.py::MainThread(15708), line 763 in serialize_queue: Serializing queue for 310687890176999424
[1187.5709328651428223] 2017-12-13 21:37:41,750 - DEBUG - musicbot.bot | In bot.py::MainThread(15708), line 763 in serialize_queue: Serializing queue for 310687890176999424
[1191.8990879058837891] 2017-12-13 21:37:46,079 - INFO - musicbot.bot | In bot.py::MainThread(15708), line 2359 in on_message: 127542890007232512/Sajtosrolo#5641: !volume 100
[1289.8120033740997314] 2017-12-13 21:39:23,991 - INFO - musicbot.bot | In bot.py::MainThread(15708), line 2359 in on_message: 127542890007232512/Sajtosrolo#5641: !play Big Smoke's Order
[1293.2698080539703369] 2017-12-13 21:39:27,449 - DEBUG - musicbot.bot | In bot.py::MainThread(15708), line 763 in serialize_queue: Serializing queue for 310687890176999424
[1293.2748212814331055] 2017-12-13 21:39:27,454 - INFO - musicbot.entry | In entry.py::MainThread(15708), line 219 in _really_download: Download started: https://www.youtube.com/watch?v=A6g0mPo-uJM
[1295.5115766525268555] 2017-12-13 21:39:29,691 - INFO - musicbot.entry | In entry.py::MainThread(15708), line 226 in _really_download: Download complete: https://www.youtube.com/watch?v=A6g0mPo-uJM
[1309.7639911174774170] 2017-12-13 21:39:43,943 - INFO - musicbot.bot | In bot.py::MainThread(15708), line 2359 in on_message: 127542890007232512/Sajtosrolo#5641: !play https://www.youtube.com/watch?v=OuvUgaLxemg&index=199&list=LL39nDMcbr-20UQKl_ImUC2g
[1310.8947348594665527] 2017-12-13 21:39:45,074 - DEBUG - musicbot.bot | In bot.py::MainThread(15708), line 763 in serialize_queue: Serializing queue for 310687890176999424
[1316.5576057434082031] 2017-12-13 21:39:50,737 - INFO - musicbot.bot | In bot.py::MainThread(15708), line 2359 in on_message: 310760967766147073/P3pee#8003: !play bigsmoke redbone
[1317.6073808670043945] 2017-12-13 21:39:51,787 - FFMPEG - musicbot.player | In player.py::MainThread(15708), line 268 in _play: Creating player with options: -nostdin -vn audio_cache\youtube-A6g0mPo-uJM-GTA_-SA_-_Big_Smoke_s_Order.m4a
[1317.8724980354309082] 2017-12-13 21:39:52,052 - DEBUG - musicbot.bot | In bot.py::MainThread(15708), line 763 in serialize_queue: Serializing queue for 310687890176999424
[1317.8815233707427979] 2017-12-13 21:39:52,061 - INFO - musicbot.entry | In entry.py::MainThread(15708), line 219 in _really_download: Download started: https://www.youtube.com/watch?v=OuvUgaLxemg&index=199&list=LL39nDMcbr-20UQKl_ImUC2g
[1317.8840296268463135] 2017-12-13 21:39:52,063 - DEBUG - musicbot.bot | In bot.py::MainThread(15708), line 763 in serialize_queue: Serializing queue for 310687890176999424
[1319.0239241123199463] 2017-12-13 21:39:53,203 - INFO - musicbot.entry | In entry.py::MainThread(15708), line 226 in _really_download: Download complete: https://www.youtube.com/watch?v=OuvUgaLxemg&index=199&list=LL39nDMcbr-20UQKl_ImUC2g
[1320.2958292961120605] 2017-12-13 21:39:54,475 - DEBUG - musicbot.bot | In bot.py::MainThread(15708), line 763 in serialize_queue: Serializing queue for 310687890176999424
[1322.0019254684448242] 2017-12-13 21:39:56,181 - INFO - musicbot.bot | In bot.py::MainThread(15708), line 2359 in on_message: 127542890007232512/Sajtosrolo#5641: !skip
[1322.0134570598602295] 2017-12-13 21:39:56,193 - FFMPEG - musicbot.player | In player.py::MainThread(15708), line 268 in _play: Creating player with options: -nostdin -vn audio_cache\youtube-OuvUgaLxemg-Big_Smoke_s_Order.webm
[1322.2225289344787598] 2017-12-13 21:39:56,402 - DEBUG - musicbot.bot | In bot.py::MainThread(15708), line 763 in serialize_queue: Serializing queue for 310687890176999424
[1322.2275424003601074] 2017-12-13 21:39:56,407 - INFO - musicbot.entry | In entry.py::MainThread(15708), line 219 in _really_download: Download started: https://www.youtube.com/watch?v=xyhiM_kIbm4
[1322.2295482158660889] 2017-12-13 21:39:56,409 - DEBUG - musicbot.bot | In bot.py::MainThread(15708), line 763 in serialize_queue: Serializing queue for 310687890176999424
[1323.5434932708740234] 2017-12-13 21:39:57,723 - INFO - musicbot.entry | In entry.py::MainThread(15708), line 226 in _really_download: Download complete: https://www.youtube.com/watch?v=xyhiM_kIbm4
[1347.9856469631195068] 2017-12-13 21:40:22,165 - INFO - musicbot.bot | In bot.py::MainThread(15708), line 2359 in on_message: 310760967766147073/P3pee#8003: !play What Redbone would sound like if you picked the wrong house fool
[1351.6005384922027588] 2017-12-13 21:40:25,780 - DEBUG - musicbot.bot | In bot.py::MainThread(15708), line 763 in serialize_queue: Serializing queue for 310687890176999424
[1358.4865021705627441] 2017-12-13 21:40:32,666 - INFO - musicbot.bot | In bot.py::MainThread(15708), line 2359 in on_message: 310760967766147073/P3pee#8003: !skip
[1358.5040502548217773] 2017-12-13 21:40:32,683 - FFMPEG - musicbot.player | In player.py::MainThread(15708), line 268 in _play: Creating player with options: -nostdin -vn audio_cache\youtube-xyhiM_kIbm4-What_Redbone_would_sound_like_if_it_was_Ohhh_d_by_Big_Smoke.webm
[1358.7527348995208740] 2017-12-13 21:40:32,932 - DEBUG - musicbot.bot | In bot.py::MainThread(15708), line 763 in serialize_queue: Serializing queue for 310687890176999424
[1358.7572467327117920] 2017-12-13 21:40:32,937 - INFO - musicbot.entry | In entry.py::MainThread(15708), line 219 in _really_download: Download started: https://www.youtube.com/watch?v=tjkwH92pUVY
[1358.7587513923645020] 2017-12-13 21:40:32,938 - DEBUG - musicbot.bot | In bot.py::MainThread(15708), line 763 in serialize_queue: Serializing queue for 310687890176999424
[1363.0590350627899170] 2017-12-13 21:40:37,238 - INFO - musicbot.entry | In entry.py::MainThread(15708), line 226 in _really_download: Download complete: https://www.youtube.com/watch?v=tjkwH92pUVY
[1379.3294146060943604] 2017-12-13 21:40:53,509 - INFO - musicbot.bot | In bot.py::MainThread(15708), line 2359 in on_message: 310760967766147073/P3pee#8003: !np
[1384.5384805202484131] 2017-12-13 21:40:58,718 - INFO - musicbot.bot | In bot.py::MainThread(15708), line 2359 in on_message: 127542890007232512/Sajtosrolo#5641: !queue
[1397.1076340675354004] 2017-12-13 21:41:11,287 - INFO - musicbot.bot | In bot.py::MainThread(15708), line 2359 in on_message: 179581423013986304/Hungarian Dragon#9397: !queue
[1419.9535219669342041] 2017-12-13 21:41:34,133 - INFO - musicbot.bot | In bot.py::MainThread(15708), line 2359 in on_message: 127542890007232512/Sajtosrolo#5641: !play https://www.youtube.com/watch?v=tjkwH92pUVY
[1422.0742530822753906] 2017-12-13 21:41:36,254 - DEBUG - musicbot.bot | In bot.py::MainThread(15708), line 763 in serialize_queue: Serializing queue for 310687890176999424
[1425.7934551239013672] 2017-12-13 21:41:39,973 - FFMPEG - musicbot.player | In player.py::MainThread(15708), line 268 in _play: Creating player with options: -nostdin -vn audio_cache\youtube-tjkwH92pUVY-What_Redbone_would_sound_like_if_you_picked_the_wrong_house_fool.webm
[1426.0205757617950439] 2017-12-13 21:41:40,200 - DEBUG - musicbot.bot | In bot.py::MainThread(15708), line 763 in serialize_queue: Serializing queue for 310687890176999424
[1426.0255892276763916] 2017-12-13 21:41:40,205 - INFO - musicbot.entry | In entry.py::MainThread(15708), line 195 in _download: Download cached: https://www.youtube.com/watch?v=tjkwH92pUVY
[1426.0260906219482422] 2017-12-13 21:41:40,206 - DEBUG - musicbot.bot | In bot.py::MainThread(15708), line 763 in serialize_queue: Serializing queue for 310687890176999424
[1426.4175076484680176] 2017-12-13 21:41:40,597 - INFO - musicbot.bot | In bot.py::MainThread(15708), line 2359 in on_message: 127542890007232512/Sajtosrolo#5641: !skip
[1426.4220199584960938] 2017-12-13 21:41:40,601 - FFMPEG - musicbot.player | In player.py::MainThread(15708), line 268 in _play: Creating player with options: -nostdin -vn audio_cache\youtube-tjkwH92pUVY-What_Redbone_would_sound_like_if_you_picked_the_wrong_house_fool.webm
[1426.6325955390930176] 2017-12-13 21:41:40,812 - DEBUG - musicbot.bot | In bot.py::MainThread(15708), line 763 in serialize_queue: Serializing queue for 310687890176999424
[1426.6366064548492432] 2017-12-13 21:41:40,816 - DEBUG - musicbot.bot | In bot.py::MainThread(15708), line 763 in serialize_queue: Serializing queue for 310687890176999424
[1429.4435250759124756] 2017-12-13 21:41:43,623 - INFO - musicbot.bot | In bot.py::MainThread(15708), line 2359 in on_message: 310760967766147073/P3pee#8003: !play seagulls stop it now
[1432.8569974899291992] 2017-12-13 21:41:47,036 - INFO - musicbot.bot | In bot.py::MainThread(15708), line 2359 in on_message: 127542890007232512/Sajtosrolo#5641: !queue
[1432.9755187034606934] 2017-12-13 21:41:47,155 - DEBUG - musicbot.bot | In bot.py::MainThread(15708), line 763 in serialize_queue: Serializing queue for 310687890176999424
[1432.9820365905761719] 2017-12-13 21:41:47,161 - INFO - musicbot.entry | In entry.py::MainThread(15708), line 219 in _really_download: Download started: https://www.youtube.com/watch?v=U9t-slLl30E
[1434.6175825595855713] 2017-12-13 21:41:48,797 - INFO - musicbot.entry | In entry.py::MainThread(15708), line 226 in _really_download: Download complete: https://www.youtube.com/watch?v=U9t-slLl30E
[1458.5480635166168213] 2017-12-13 21:42:12,727 - INFO - musicbot.bot | In bot.py::MainThread(15708), line 2359 in on_message: 127542890007232512/Sajtosrolo#5641: !volume 10
[1481.1731483936309814] 2017-12-13 21:42:35,353 - FFMPEG - musicbot.player | In player.py::MainThread(15708), line 268 in _play: Creating player with options: -nostdin -vn audio_cache\youtube-U9t-slLl30E-SEAGULLS_Stop_It_Now_--_A_Bad_Lip_Reading_of_The_Empire_Strikes_Back.webm
[1481.3772060871124268] 2017-12-13 21:42:35,557 - DEBUG - musicbot.bot | In bot.py::MainThread(15708), line 763 in serialize_queue: Serializing queue for 310687890176999424
[1481.3822197914123535] 2017-12-13 21:42:35,562 - DEBUG - musicbot.bot | In bot.py::MainThread(15708), line 763 in serialize_queue: Serializing queue for 310687890176999424
[1488.5942637920379639] 2017-12-13 21:42:42,774 - INFO - musicbot.bot | In bot.py::MainThread(15708), line 2359 in on_message: 127542890007232512/Sajtosrolo#5641: !volume 70
[1494.3069789409637451] 2017-12-13 21:42:48,486 - INFO - musicbot.bot | In bot.py::MainThread(15708), line 2359 in on_message: 310760967766147073/P3pee#8003: !volume 50
[1550.5479514598846436] 2017-12-13 21:43:44,727 - INFO - musicbot.bot | In bot.py::MainThread(15708), line 2359 in on_message: 310760967766147073/P3pee#8003: !play bushes of love
[1553.8472468852996826] 2017-12-13 21:43:48,027 - DEBUG - musicbot.bot | In bot.py::MainThread(15708), line 763 in serialize_queue: Serializing queue for 310687890176999424
[1553.8527624607086182] 2017-12-13 21:43:48,032 - INFO - musicbot.entry | In entry.py::MainThread(15708), line 219 in _really_download: Download started: https://www.youtube.com/watch?v=RySHDUU2juM
[1555.5461916923522949] 2017-12-13 21:43:49,726 - INFO - musicbot.entry | In entry.py::MainThread(15708), line 226 in _really_download: Download complete: https://www.youtube.com/watch?v=RySHDUU2juM
[1559.3717293739318848] 2017-12-13 21:43:53,551 - INFO - musicbot.bot | In bot.py::MainThread(15708), line 2359 in on_message: 127542890007232512/Sajtosrolo#5641: !play https://www.youtube.com/watch?v=2cjbSgy3vSw&
[1561.3272755146026611] 2017-12-13 21:43:55,507 - DEBUG - musicbot.bot | In bot.py::MainThread(15708), line 763 in serialize_queue: Serializing queue for 310687890176999424
[1565.1875996589660645] 2017-12-13 21:43:59,367 - INFO - musicbot.bot | In bot.py::MainThread(15708), line 2359 in on_message: 310760967766147073/P3pee#8003: !skip
[1565.1986293792724609] 2017-12-13 21:43:59,378 - FFMPEG - musicbot.player | In player.py::MainThread(15708), line 268 in _play: Creating player with options: -nostdin -vn audio_cache\youtube-RySHDUU2juM-BUSHES_OF_LOVE_--_Extended_Lyric_Video.webm
[1565.5024592876434326] 2017-12-13 21:43:59,682 - DEBUG - musicbot.bot | In bot.py::MainThread(15708), line 763 in serialize_queue: Serializing queue for 310687890176999424
[1565.5079748630523682] 2017-12-13 21:43:59,687 - INFO - musicbot.entry | In entry.py::MainThread(15708), line 219 in _really_download: Download started: https://www.youtube.com/watch?v=2cjbSgy3vSw&
[1565.5094788074493408] 2017-12-13 21:43:59,689 - DEBUG - musicbot.bot | In bot.py::MainThread(15708), line 763 in serialize_queue: Serializing queue for 310687890176999424
[1566.8547344207763672] 2017-12-13 21:44:01,034 - INFO - musicbot.bot | In bot.py::MainThread(15708), line 2359 in on_message: 127542890007232512/Sajtosrolo#5641: !queue
[1566.9018623828887939] 2017-12-13 21:44:01,081 - INFO - musicbot.entry | In entry.py::MainThread(15708), line 226 in _really_download: Download complete: https://www.youtube.com/watch?v=2cjbSgy3vSw&
[1572.6251869201660156] 2017-12-13 21:44:06,805 - INFO - musicbot.bot | In bot.py::MainThread(15708), line 2359 in on_message: 310760967766147073/P3pee#8003: !skip
[1572.6439933776855469] 2017-12-13 21:44:06,823 - FFMPEG - musicbot.player | In player.py::MainThread(15708), line 268 in _play: Creating player with options: -nostdin -vn audio_cache\youtube-2cjbSgy3vSw-Stereo_Sayan_3D.webm
[1572.8184697628021240] 2017-12-13 21:44:06,998 - DEBUG - musicbot.bot | In bot.py::MainThread(15708), line 763 in serialize_queue: Serializing queue for 310687890176999424
[1572.8234837055206299] 2017-12-13 21:44:07,003 - DEBUG - musicbot.bot | In bot.py::MainThread(15708), line 763 in serialize_queue: Serializing queue for 310687890176999424
[1595.9974365234375000] 2017-12-13 21:44:30,177 - INFO - musicbot.bot | In bot.py::MainThread(15708), line 2359 in on_message: 127542890007232512/Sajtosrolo#5641: !play micheal calfan resurrection
[1599.7337155342102051] 2017-12-13 21:44:33,913 - DEBUG - musicbot.bot | In bot.py::MainThread(15708), line 763 in serialize_queue: Serializing queue for 310687890176999424
[1599.7382280826568604] 2017-12-13 21:44:33,918 - INFO - musicbot.entry | In entry.py::MainThread(15708), line 219 in _really_download: Download started: https://www.youtube.com/watch?v=J-C3oxNGG3g
[1601.7179973125457764] 2017-12-13 21:44:35,897 - INFO - musicbot.entry | In entry.py::MainThread(15708), line 226 in _really_download: Download complete: https://www.youtube.com/watch?v=J-C3oxNGG3g
[1613.9659955501556396] 2017-12-13 21:44:48,145 - INFO - musicbot.bot | In bot.py::MainThread(15708), line 2359 in on_message: 310760967766147073/P3pee#8003: !play Justice League Opening Song - Everybody Knows [ Lyrics ]
[1617.8644237518310547] 2017-12-13 21:44:52,044 - DEBUG - musicbot.bot | In bot.py::MainThread(15708), line 763 in serialize_queue: Serializing queue for 310687890176999424
[1631.8172206878662109] 2017-12-13 21:45:05,997 - INFO - musicbot.bot | In bot.py::MainThread(15708), line 2359 in on_message: 310760967766147073/P3pee#8003: !play Justice League Opening Song - Everybody Knows [ Lyrics ]
... !play Justice League Opening Song - Everybody Knows [ Lyrics ]
[1636.5393607616424561] 2017-12-13 21:45:10,719 - DEBUG - musicbot.bot | In bot.py::MainThread(15708), line 763 in serialize_queue: Serializing queue for 310687890176999424
[1647.4844560623168945] 2017-12-13 21:45:21,664 - INFO - musicbot.bot | In bot.py::MainThread(15708), line 2359 in on_message: 127542890007232512/Sajtosrolo#5641: !skip
[1647.5005009174346924] 2017-12-13 21:45:21,680 - FFMPEG - musicbot.player | In player.py::MainThread(15708), line 268 in _play: Creating player with options: -nostdin -vn audio_cache\youtube-J-C3oxNGG3g-Michael_Calfan_-_Resurrection_Audio_Oficial.webm
[1647.7175931930541992] 2017-12-13 21:45:21,897 - DEBUG - musicbot.bot | In bot.py::MainThread(15708), line 763 in serialize_queue: Serializing queue for 310687890176999424
[1647.7236094474792480] 2017-12-13 21:45:21,903 - INFO - musicbot.entry | In entry.py::MainThread(15708), line 219 in _really_download: Download started: https://www.youtube.com/watch?v=jBgFGOToa_c
[1647.7261164188385010] 2017-12-13 21:45:21,906 - DEBUG - musicbot.bot | In bot.py::MainThread(15708), line 763 in serialize_queue: Serializing queue for 310687890176999424
[1649.1229507923126221] 2017-12-13 21:45:23,302 - INFO - musicbot.entry | In entry.py::MainThread(15708), line 226 in _really_download: Download complete: https://www.youtube.com/watch?v=jBgFGOToa_c
[1650.1136941909790039] 2017-12-13 21:45:24,293 - INFO - musicbot.bot | In bot.py::MainThread(15708), line 2359 in on_message: 310760967766147073/P3pee#8003: !volume 30
